app/build/intermediates/manifest_merge_blame_file/debug/processDebugMainManifest/manifest-merger-blame-debug-report.txt
1<?xml version="1.0" encoding="utf-8"?>
2<!--
3    ~ Copyright 2022 The TensorFlow Authors. All Rights Reserved.
4    ~
5    ~ Licensed under the Apache License, Version 2.0 (the "License");
6    ~ you may not use this file except in compliance with the License.
7    ~ You may obtain a copy of the License at
8    ~
9    ~       http://www.apache.org/licenses/LICENSE-2.0
10    ~
11    ~ Unless required by applicable law or agreed to in writing, software
12    ~ distributed under the License is distributed on an "AS IS" BASIS,
13    ~ WITHOUT WARRANTIES OR CONDITIONS OF ANY KIND, either express or implied.
14    ~ See the License for the specific language governing permissions and
15    ~ limitations under the License.
16-->
17<manifest xmlns:android="http://schemas.android.com/apk/res/android"
18    xmlns:dist="http://schemas.android.com/apk/distribution"
19    package="org.tensorflow.lite.examples.objectdetection"
20    android:versionCode="1"
21    android:versionName="1.0.0" >
22
23    <uses-sdk
24        android:minSdkVersion="26"
25        android:targetSdkVersion="32" />
26
27    <!-- Enable instant app support -->
28    <dist:module dist:instant="true" />
28-->src\main\AndroidManifest.xml:23:5-40
28-->src\main\AndroidManifest.xml:23:18-37
29
30    <!-- Declare features -->
31    <uses-feature android:name="android.hardware.camera" />
31-->src\main\AndroidManifest.xml:26:5-60
31-->src\main\AndroidManifest.xml:26:19-57
32
33    <!-- Declare permissions -->
34    <uses-permission android:name="android.permission.INTERNET" />
34-->src\main\AndroidManifest.xml:29:5-66
34-->src\main\AndroidManifest.xml:29:22-64
35    <uses-permission android:name="android.permission.CAMERA" />
35-->src\main\AndroidManifest.xml:30:5-65
35-->src\main\AndroidManifest.xml:30:22-62
36
37    <uses-feature
37-->src\main\AndroidManifest.xml:33:5-90
38        android:name="android.hardware.sensor.light"
38-->src\main\AndroidManifest.xml:33:19-63
39        android:required="true" />
39-->src\main\AndroidManifest.xml:33:64-87
40
41    <uses-permission android:name="android.permission.VIBRATE" />
41-->src\main\AndroidManifest.xml:34:5-66
41-->src\main\AndroidManifest.xml:34:22-63
42
43    <permission
43-->[androidx.core:core:1.12.0] AndroidManifest.xml:22:5-24:47
44        android:name="org.tensorflow.lite.examples.objectdetection.DYNAMIC_RECEIVER_NOT_EXPORTED_PERMISSION"
44-->[androidx.core:core:1.12.0] AndroidManifest.xml:23:9-81
45        android:protectionLevel="signature" />
45-->[androidx.core:core:1.12.0] AndroidManifest.xml:24:9-44
46
47    <uses-permission android:name="org.tensorflow.lite.examples.objectdetection.DYNAMIC_RECEIVER_NOT_EXPORTED_PERMISSION" /> <!-- Although the *SdkVersion is captured in gradle build files, this is required for non gradle builds -->
47-->[androidx.core:core:1.12.0] AndroidManifest.xml:26:5-97
47-->[androidx.core:core:1.12.0] AndroidManifest.xml:26:22-94
48    <!-- <uses-sdk android:minSdkVersion="14"/> -->
49    <uses-permission android:name="android.permission.ACCESS_NETWORK_STATE" />
49-->[com.google.android.datatransport:transport-backend-cct:2.3.3] AndroidManifest.xml:25:5-79
49-->[com.google.android.datatransport:transport-backend-cct:2.3.3] AndroidManifest.xml:25:22-76
50    <uses-permission android:name="android.permission.WRITE_EXTERNAL_STORAGE" />
51    <uses-permission android:name="android.permission.READ_PHONE_STATE" />
52    <uses-permission android:name="android.permission.READ_EXTERNAL_STORAGE" />
53
54    <application
54-->src\main\AndroidManifest.xml:39:5-75:19
55        android:allowBackup="true"
55-->src\main\AndroidManifest.xml:44:9-35
56        android:appComponentFactory="androidx.core.app.CoreComponentFactory"
56-->[androidx.core:core:1.12.0] AndroidManifest.xml:28:18-86
57        android:debuggable="true"
58        android:extractNativeLibs="false"
59        android:icon="@mipmap/ic_launcher"
59-->src\main\AndroidManifest.xml:41:9-43
60        android:label="@string/app_name"
60-->src\main\AndroidManifest.xml:43:9-41
61        android:roundIcon="@mipmap/ic_launcher_round"
61-->src\main\AndroidManifest.xml:42:9-54
62        android:taskAffinity="" >
62-->src\main\AndroidManifest.xml:45:9-32
63        <meta-data
63-->src\main\AndroidManifest.xml:48:9-50:35
64            android:name="com.google.mlkit.vision.DEPENDENCIES"
64-->src\main\AndroidManifest.xml:49:13-64
65            android:value="ocr" />
65-->src\main\AndroidManifest.xml:50:13-32
66
67        <activity
67-->src\main\AndroidManifest.xml:52:9-73:20
68            android:name="org.tensorflow.lite.examples.objectdetection.MainActivity"
68-->src\main\AndroidManifest.xml:53:13-41
69            android:clearTaskOnLaunch="true"
69-->src\main\AndroidManifest.xml:55:13-45
70            android:configChanges="orientation|screenLayout|screenSize|smallestScreenSize"
70-->src\main\AndroidManifest.xml:61:13-91
71            android:exported="true"
71-->src\main\AndroidManifest.xml:57:13-36
72            android:icon="@mipmap/ic_launcher"
72-->src\main\AndroidManifest.xml:58:13-47
73            android:label=""
73-->src\main\AndroidManifest.xml:54:13-29
74            android:resizeableActivity="true"
74-->src\main\AndroidManifest.xml:60:13-46
75            android:rotationAnimation="seamless"
75-->src\main\AndroidManifest.xml:59:13-49
76            android:theme="@style/AppTheme" >
76-->src\main\AndroidManifest.xml:56:13-44
77
78            <!-- Main app intent filter -->
79            <intent-filter>
79-->src\main\AndroidManifest.xml:65:13-68:29
80                <action android:name="android.intent.action.MAIN" />
80-->src\main\AndroidManifest.xml:66:17-69
80-->src\main\AndroidManifest.xml:66:25-66
81
82                <category android:name="android.intent.category.LAUNCHER" />
82-->src\main\AndroidManifest.xml:67:17-77
82-->src\main\AndroidManifest.xml:67:27-74
83            </intent-filter>
84
85            <!-- Declare notch support -->
86            <meta-data
86-->src\main\AndroidManifest.xml:71:13-83
87                android:name="android.notch_support"
87-->src\main\AndroidManifest.xml:71:24-60
88                android:value="true" />
88-->src\main\AndroidManifest.xml:71:61-81
89        </activity>
90
91        <service
91-->[com.google.android.gms:play-services-tflite-gpu:16.2.0] AndroidManifest.xml:9:9-21:19
92            android:name="com.google.android.gms.metadata.ModuleDependencies"
92-->[com.google.android.gms:play-services-tflite-gpu:16.2.0] AndroidManifest.xml:10:13-78
93            android:enabled="false"
93-->[com.google.android.gms:play-services-tflite-gpu:16.2.0] AndroidManifest.xml:11:13-36
94            android:exported="false" >
94-->[com.google.android.gms:play-services-tflite-gpu:16.2.0] AndroidManifest.xml:12:13-37
95            <intent-filter>
95-->[com.google.android.gms:play-services-tflite-gpu:16.2.0] AndroidManifest.xml:14:13-16:29
96                <action android:name="com.google.android.gms.metadata.MODULE_DEPENDENCIES" />
96-->[com.google.android.gms:play-services-tflite-gpu:16.2.0] AndroidManifest.xml:15:17-94
96-->[com.google.android.gms:play-services-tflite-gpu:16.2.0] AndroidManifest.xml:15:25-91
97            </intent-filter>
98
99            <meta-data
99-->[com.google.android.gms:play-services-tflite-gpu:16.2.0] AndroidManifest.xml:18:13-20:36
100                android:name="tflite_gpu_dynamite:222612000:required"
100-->[com.google.android.gms:play-services-tflite-gpu:16.2.0] AndroidManifest.xml:19:17-70
101                android:value="" />
101-->[com.google.android.gms:play-services-tflite-gpu:16.2.0] AndroidManifest.xml:20:17-33
102            <meta-data
102-->[com.google.android.gms:play-services-tflite-impl:16.0.0] AndroidManifest.xml:18:13-20:36
103                android:name="tflite_dynamite:3:required"
103-->[com.google.android.gms:play-services-tflite-impl:16.0.0] AndroidManifest.xml:19:17-58
104                android:value="" />
104-->[com.google.android.gms:play-services-tflite-impl:16.0.0] AndroidManifest.xml:20:17-33
105        </service>
106        <service
106-->[androidx.camera:camera-camera2:1.1.0-beta03] AndroidManifest.xml:26:9-35:19
107            android:name="androidx.camera.core.impl.MetadataHolderService"
107-->[androidx.camera:camera-camera2:1.1.0-beta03] AndroidManifest.xml:27:13-75
108            android:enabled="false"
108-->[androidx.camera:camera-camera2:1.1.0-beta03] AndroidManifest.xml:28:13-36
109            android:exported="false" >
109-->[androidx.camera:camera-camera2:1.1.0-beta03] AndroidManifest.xml:29:13-37
110            <meta-data
110-->[androidx.camera:camera-camera2:1.1.0-beta03] AndroidManifest.xml:32:13-34:89
111                android:name="androidx.camera.core.impl.MetadataHolderService.DEFAULT_CONFIG_PROVIDER"
111-->[androidx.camera:camera-camera2:1.1.0-beta03] AndroidManifest.xml:33:17-103
112                android:value="androidx.camera.camera2.Camera2Config$DefaultProvider" />
112-->[androidx.camera:camera-camera2:1.1.0-beta03] AndroidManifest.xml:34:17-86
113        </service>
114
115        <uses-library
115-->[androidx.window:window:1.2.0] AndroidManifest.xml:23:9-25:40
116            android:name="androidx.window.extensions"
116-->[androidx.window:window:1.2.0] AndroidManifest.xml:24:13-54
117            android:required="false" />
117-->[androidx.window:window:1.2.0] AndroidManifest.xml:25:13-37
118        <uses-library
118-->[androidx.window:window:1.2.0] AndroidManifest.xml:26:9-28:40
119            android:name="androidx.window.sidecar"
119-->[androidx.window:window:1.2.0] AndroidManifest.xml:27:13-51
120            android:required="false" />
120-->[androidx.window:window:1.2.0] AndroidManifest.xml:28:13-37
121
122        <provider
122-->[androidx.emoji2:emoji2:1.2.0] AndroidManifest.xml:24:9-32:20
123            android:name="androidx.startup.InitializationProvider"
123-->[androidx.emoji2:emoji2:1.2.0] AndroidManifest.xml:25:13-67
124            android:authorities="org.tensorflow.lite.examples.objectdetection.androidx-startup"
124-->[androidx.emoji2:emoji2:1.2.0] AndroidManifest.xml:26:13-68
125            android:exported="false" >
125-->[androidx.emoji2:emoji2:1.2.0] AndroidManifest.xml:27:13-37
126            <meta-data
126-->[androidx.emoji2:emoji2:1.2.0] AndroidManifest.xml:29:13-31:52
127                android:name="androidx.emoji2.text.EmojiCompatInitializer"
127-->[androidx.emoji2:emoji2:1.2.0] AndroidManifest.xml:30:17-75
128                android:value="androidx.startup" />
128-->[androidx.emoji2:emoji2:1.2.0] AndroidManifest.xml:31:17-49
129            <meta-data
129-->[androidx.lifecycle:lifecycle-process:2.7.0] AndroidManifest.xml:29:13-31:52
130                android:name="androidx.lifecycle.ProcessLifecycleInitializer"
130-->[androidx.lifecycle:lifecycle-process:2.7.0] AndroidManifest.xml:30:17-78
131                android:value="androidx.startup" />
131-->[androidx.lifecycle:lifecycle-process:2.7.0] AndroidManifest.xml:31:17-49
132            <meta-data
132-->[androidx.profileinstaller:profileinstaller:1.3.0] AndroidManifest.xml:29:13-31:52
133                android:name="androidx.profileinstaller.ProfileInstallerInitializer"
133-->[androidx.profileinstaller:profileinstaller:1.3.0] AndroidManifest.xml:30:17-85
134                android:value="androidx.startup" />
134-->[androidx.profileinstaller:profileinstaller:1.3.0] AndroidManifest.xml:31:17-49
135        </provider>
136
137        <service
137-->[com.google.android.gms:play-services-mlkit-text-recognition-common:19.0.0] AndroidManifest.xml:9:9-15:19
138            android:name="com.google.mlkit.common.internal.MlKitComponentDiscoveryService"
138-->[com.google.android.gms:play-services-mlkit-text-recognition-common:19.0.0] AndroidManifest.xml:10:13-91
139            android:directBootAware="true"
139-->[com.google.mlkit:common:18.9.0] AndroidManifest.xml:17:13-43
140            android:exported="false" >
140-->[com.google.android.gms:play-services-mlkit-text-recognition-common:19.0.0] AndroidManifest.xml:11:13-37
141            <meta-data
141-->[com.google.android.gms:play-services-mlkit-text-recognition-common:19.0.0] AndroidManifest.xml:12:13-14:85
142                android:name="com.google.firebase.components:com.google.mlkit.vision.text.internal.TextRegistrar"
142-->[com.google.android.gms:play-services-mlkit-text-recognition-common:19.0.0] AndroidManifest.xml:13:17-114
143                android:value="com.google.firebase.components.ComponentRegistrar" />
143-->[com.google.android.gms:play-services-mlkit-text-recognition-common:19.0.0] AndroidManifest.xml:14:17-82
144            <meta-data
144-->[com.google.android.gms:play-services-mlkit-barcode-scanning:18.3.0] AndroidManifest.xml:12:13-14:85
145                android:name="com.google.firebase.components:com.google.mlkit.vision.barcode.internal.BarcodeRegistrar"
145-->[com.google.android.gms:play-services-mlkit-barcode-scanning:18.3.0] AndroidManifest.xml:13:17-120
146                android:value="com.google.firebase.components.ComponentRegistrar" />
146-->[com.google.android.gms:play-services-mlkit-barcode-scanning:18.3.0] AndroidManifest.xml:14:17-82
147            <meta-data
147-->[com.google.mlkit:vision-common:17.3.0] AndroidManifest.xml:12:13-14:85
148                android:name="com.google.firebase.components:com.google.mlkit.vision.common.internal.VisionCommonRegistrar"
148-->[com.google.mlkit:vision-common:17.3.0] AndroidManifest.xml:13:17-124
149                android:value="com.google.firebase.components.ComponentRegistrar" />
149-->[com.google.mlkit:vision-common:17.3.0] AndroidManifest.xml:14:17-82
150            <meta-data
150-->[com.google.mlkit:common:18.9.0] AndroidManifest.xml:20:13-22:85
151                android:name="com.google.firebase.components:com.google.mlkit.common.internal.CommonComponentRegistrar"
151-->[com.google.mlkit:common:18.9.0] AndroidManifest.xml:21:17-120
152                android:value="com.google.firebase.components.ComponentRegistrar" />
152-->[com.google.mlkit:common:18.9.0] AndroidManifest.xml:22:17-82
153        </service>
154
155        <provider
155-->[com.google.mlkit:common:18.9.0] AndroidManifest.xml:9:9-13:38
156            android:name="com.google.mlkit.common.internal.MlKitInitProvider"
156-->[com.google.mlkit:common:18.9.0] AndroidManifest.xml:10:13-78
157            android:authorities="org.tensorflow.lite.examples.objectdetection.mlkitinitprovider"
157-->[com.google.mlkit:common:18.9.0] AndroidManifest.xml:11:13-69
158            android:exported="false"
158-->[com.google.mlkit:common:18.9.0] AndroidManifest.xml:12:13-37
159            android:initOrder="99" />
159-->[com.google.mlkit:common:18.9.0] AndroidManifest.xml:13:13-35
160
161        <activity
161-->[com.google.android.gms:play-services-base:18.1.0] AndroidManifest.xml:20:9-22:45
162            android:name="com.google.android.gms.common.api.GoogleApiActivity"
162-->[com.google.android.gms:play-services-base:18.1.0] AndroidManifest.xml:20:19-85
163            android:exported="false"
163-->[com.google.android.gms:play-services-base:18.1.0] AndroidManifest.xml:22:19-43
164            android:theme="@android:style/Theme.Translucent.NoTitleBar" />
164-->[com.google.android.gms:play-services-base:18.1.0] AndroidManifest.xml:21:19-78
165
166        <meta-data
166-->[com.google.android.gms:play-services-basement:18.1.0] AndroidManifest.xml:21:9-23:69
167            android:name="com.google.android.gms.version"
167-->[com.google.android.gms:play-services-basement:18.1.0] AndroidManifest.xml:22:13-58
168            android:value="@integer/google_play_services_version" />
168-->[com.google.android.gms:play-services-basement:18.1.0] AndroidManifest.xml:23:13-66
169
170        <receiver
170-->[androidx.profileinstaller:profileinstaller:1.3.0] AndroidManifest.xml:34:9-52:20
171            android:name="androidx.profileinstaller.ProfileInstallReceiver"
171-->[androidx.profileinstaller:profileinstaller:1.3.0] AndroidManifest.xml:35:13-76
172            android:directBootAware="false"
172-->[androidx.profileinstaller:profileinstaller:1.3.0] AndroidManifest.xml:36:13-44
173            android:enabled="true"
173-->[androidx.profileinstaller:profileinstaller:1.3.0] AndroidManifest.xml:37:13-35
174            android:exported="true"
174-->[androidx.profileinstaller:profileinstaller:1.3.0] AndroidManifest.xml:38:13-36
175            android:permission="android.permission.DUMP" >
175-->[androidx.profileinstaller:profileinstaller:1.3.0] AndroidManifest.xml:39:13-57
176            <intent-filter>
176-->[androidx.profileinstaller:profileinstaller:1.3.0] AndroidManifest.xml:40:13-42:29
177                <action android:name="androidx.profileinstaller.action.INSTALL_PROFILE" />
177-->[androidx.profileinstaller:profileinstaller:1.3.0] AndroidManifest.xml:41:17-91
177-->[androidx.profileinstaller:profileinstaller:1.3.0] AndroidManifest.xml:41:25-88
178            </intent-filter>
179            <intent-filter>
179-->[androidx.profileinstaller:profileinstaller:1.3.0] AndroidManifest.xml:43:13-45:29
180                <action android:name="androidx.profileinstaller.action.SKIP_FILE" />
180-->[androidx.profileinstaller:profileinstaller:1.3.0] AndroidManifest.xml:44:17-85
180-->[androidx.profileinstaller:profileinstaller:1.3.0] AndroidManifest.xml:44:25-82
181            </intent-filter>
182            <intent-filter>
182-->[androidx.profileinstaller:profileinstaller:1.3.0] AndroidManifest.xml:46:13-48:29
183                <action android:name="androidx.profileinstaller.action.SAVE_PROFILE" />
183-->[androidx.profileinstaller:profileinstaller:1.3.0] AndroidManifest.xml:47:17-88
183-->[androidx.profileinstaller:profileinstaller:1.3.0] AndroidManifest.xml:47:25-85
184            </intent-filter>
185            <intent-filter>
185-->[androidx.profileinstaller:profileinstaller:1.3.0] AndroidManifest.xml:49:13-51:29
186                <action android:name="androidx.profileinstaller.action.BENCHMARK_OPERATION" />
186-->[androidx.profileinstaller:profileinstaller:1.3.0] AndroidManifest.xml:50:17-95
186-->[androidx.profileinstaller:profileinstaller:1.3.0] AndroidManifest.xml:50:25-92
187            </intent-filter>
188        </receiver>
189
190        <service
190-->[com.google.android.datatransport:transport-backend-cct:2.3.3] AndroidManifest.xml:29:9-35:19
191            android:name="com.google.android.datatransport.runtime.backends.TransportBackendDiscovery"
191-->[com.google.android.datatransport:transport-backend-cct:2.3.3] AndroidManifest.xml:30:13-103
192            android:exported="false" >
192-->[com.google.android.datatransport:transport-backend-cct:2.3.3] AndroidManifest.xml:31:13-37
193            <meta-data
193-->[com.google.android.datatransport:transport-backend-cct:2.3.3] AndroidManifest.xml:32:13-34:39
194                android:name="backend:com.google.android.datatransport.cct.CctBackendFactory"
194-->[com.google.android.datatransport:transport-backend-cct:2.3.3] AndroidManifest.xml:33:17-94
195                android:value="cct" />
195-->[com.google.android.datatransport:transport-backend-cct:2.3.3] AndroidManifest.xml:34:17-36
196        </service>
197        <service
197-->[com.google.android.datatransport:transport-runtime:2.2.6] AndroidManifest.xml:26:9-30:19
198            android:name="com.google.android.datatransport.runtime.scheduling.jobscheduling.JobInfoSchedulerService"
198-->[com.google.android.datatransport:transport-runtime:2.2.6] AndroidManifest.xml:27:13-117
199            android:exported="false"
199-->[com.google.android.datatransport:transport-runtime:2.2.6] AndroidManifest.xml:28:13-37
200            android:permission="android.permission.BIND_JOB_SERVICE" >
200-->[com.google.android.datatransport:transport-runtime:2.2.6] AndroidManifest.xml:29:13-69
201        </service>
202
203        <receiver
203-->[com.google.android.datatransport:transport-runtime:2.2.6] AndroidManifest.xml:32:9-34:40
204            android:name="com.google.android.datatransport.runtime.scheduling.jobscheduling.AlarmManagerSchedulerBroadcastReceiver"
204-->[com.google.android.datatransport:transport-runtime:2.2.6] AndroidManifest.xml:33:13-132
205            android:exported="false" />
205-->[com.google.android.datatransport:transport-runtime:2.2.6] AndroidManifest.xml:34:13-37
206    </application>
207
208</manifest>